Build started 7/25/2015 12:05:43 AM.
     1>Project "C:\Users\tbalz_000\git\Civ-Clone\Dependencies\c\sfml\SFML-2.3.1\src\SFML\Graphics\sfml-graphics.vcxproj" on node 4 (Rebuild target(s)).
     1>CustomBuild:
         Building Custom Rule C:/Users/tbalz_000/git/Civ-Clone/Dependencies/c/sfml/SFML-2.3.1/src/SFML/Graphics/CMakeLists.txt
         CMake does not need to re-run because C:\Users\tbalz_000\git\Civ-Clone\Dependencies\c\sfml\SFML-2.3.1\src\SFML\Graphics\CMakeFiles\generate.stamp is up-to-date.
       ClCompile:
         C:\Program Files (x86)\Microsoft Visual Studio 12.0\VC\bin\CL.exe /c /I"C:\Users\tbalz_000\git\Civ-Clone\Dependencies\c\sfml\SFML-2.3.1\include" /I"C:\Users\tbalz_000\git\Civ-Clone\Dependencies\c\sfml\SFML-2.3.1\src" /I"C:\Users\tbalz_000\git\Civ-Clone\Dependencies\c\sfml\SFML-2.3.1\extlibs\headers\stb_image" /I"C:\Users\tbalz_000\git\Civ-Clone\Dependencies\c\sfml\SFML-2.3.1\extlibs\headers\freetype2" /I"C:\Users\tbalz_000\git\Civ-Clone\Dependencies\c\sfml\SFML-2.3.1\extlibs\headers\jpeg" /Zi /nologo /W3 /WX- /Od /Ob0 /Oy- /D WIN32 /D _WINDOWS /D _DEBUG /D _CRT_SECURE_NO_DEPRECATE /D STBI_FAILURE_USERMSG /D "CMAKE_INTDIR=\"Debug\"" /D SFML_GRAPHICS_EXPORTS /D _WINDLL /D _MBCS /Gm- /EHsc /RTC1 /MDd /GS /fp:precise /Zc:wchar_t /Zc:forScope /GR /Fo"sfml-graphics.dir\Debug\\" /Fd"sfml-graphics.dir\Debug\vc120.pdb" /Gd /TP /analyze- /errorReport:prompt "C:\Users\tbalz_000\git\Civ-Clone\Dependencies\c\sfml\SFML-2.3.1\src\SFML\Graphics\BlendMode.cpp" "C:\Users\tbalz_000\git\Civ-Clone\Dependencies\c\sfml\SFML-2.3.1\src\SFML\Graphics\Color.cpp" "C:\Users\tbalz_000\git\Civ-Clone\Dependencies\c\sfml\SFML-2.3.1\src\SFML\Graphics\Font.cpp" "C:\Users\tbalz_000\git\Civ-Clone\Dependencies\c\sfml\SFML-2.3.1\src\SFML\Graphics\GLCheck.cpp" "C:\Users\tbalz_000\git\Civ-Clone\Dependencies\c\sfml\SFML-2.3.1\src\SFML\Graphics\GLExtensions.cpp" "C:\Users\tbalz_000\git\Civ-Clone\Dependencies\c\sfml\SFML-2.3.1\src\SFML\Graphics\Image.cpp" "C:\Users\tbalz_000\git\Civ-Clone\Dependencies\c\sfml\SFML-2.3.1\src\SFML\Graphics\ImageLoader.cpp" "C:\Users\tbalz_000\git\Civ-Clone\Dependencies\c\sfml\SFML-2.3.1\src\SFML\Graphics\RenderStates.cpp" "C:\Users\tbalz_000\git\Civ-Clone\Dependencies\c\sfml\SFML-2.3.1\src\SFML\Graphics\RenderTexture.cpp" "C:\Users\tbalz_000\git\Civ-Clone\Dependencies\c\sfml\SFML-2.3.1\src\SFML\Graphics\RenderTarget.cpp" "C:\Users\tbalz_000\git\Civ-Clone\Dependencies\c\sfml\SFML-2.3.1\src\SFML\Graphics\RenderWindow.cpp" "C:\Users\tbalz_000\git\Civ-Clone\Dependencies\c\sfml\SFML-2.3.1\src\SFML\Graphics\Shader.cpp" "C:\Users\tbalz_000\git\Civ-Clone\Dependencies\c\sfml\SFML-2.3.1\src\SFML\Graphics\Texture.cpp" "C:\Users\tbalz_000\git\Civ-Clone\Dependencies\c\sfml\SFML-2.3.1\src\SFML\Graphics\TextureSaver.cpp" "C:\Users\tbalz_000\git\Civ-Clone\Dependencies\c\sfml\SFML-2.3.1\src\SFML\Graphics\Transform.cpp" "C:\Users\tbalz_000\git\Civ-Clone\Dependencies\c\sfml\SFML-2.3.1\src\SFML\Graphics\Transformable.cpp" "C:\Users\tbalz_000\git\Civ-Clone\Dependencies\c\sfml\SFML-2.3.1\src\SFML\Graphics\View.cpp" "C:\Users\tbalz_000\git\Civ-Clone\Dependencies\c\sfml\SFML-2.3.1\src\SFML\Graphics\Vertex.cpp" "C:\Users\tbalz_000\git\Civ-Clone\Dependencies\c\sfml\SFML-2.3.1\src\SFML\Graphics\GLLoader.cpp" "C:\Users\tbalz_000\git\Civ-Clone\Dependencies\c\sfml\SFML-2.3.1\src\SFML\Graphics\Shape.cpp" "C:\Users\tbalz_000\git\Civ-Clone\Dependencies\c\sfml\SFML-2.3.1\src\SFML\Graphics\CircleShape.cpp" "C:\Users\tbalz_000\git\Civ-Clone\Dependencies\c\sfml\SFML-2.3.1\src\SFML\Graphics\RectangleShape.cpp" "C:\Users\tbalz_000\git\Civ-Clone\Dependencies\c\sfml\SFML-2.3.1\src\SFML\Graphics\ConvexShape.cpp" "C:\Users\tbalz_000\git\Civ-Clone\Dependencies\c\sfml\SFML-2.3.1\src\SFML\Graphics\Sprite.cpp" "C:\Users\tbalz_000\git\Civ-Clone\Dependencies\c\sfml\SFML-2.3.1\src\SFML\Graphics\Text.cpp" "C:\Users\tbalz_000\git\Civ-Clone\Dependencies\c\sfml\SFML-2.3.1\src\SFML\Graphics\VertexArray.cpp" "C:\Users\tbalz_000\git\Civ-Clone\Dependencies\c\sfml\SFML-2.3.1\src\SFML\Graphics\RenderTextureImpl.cpp" "C:\Users\tbalz_000\git\Civ-Clone\Dependencies\c\sfml\SFML-2.3.1\src\SFML\Graphics\RenderTextureImplFBO.cpp" "C:\Users\tbalz_000\git\Civ-Clone\Dependencies\c\sfml\SFML-2.3.1\src\SFML\Graphics\RenderTextureImplDefault.cpp"
         BlendMode.cpp
         Color.cpp
         Font.cpp
         GLCheck.cpp
         GLExtensions.cpp
         Image.cpp
         ImageLoader.cpp
         RenderStates.cpp
         RenderTexture.cpp
         RenderTarget.cpp
         RenderWindow.cpp
         Shader.cpp
         Texture.cpp
         TextureSaver.cpp
         Transform.cpp
         Transformable.cpp
         View.cpp
         Vertex.cpp
         GLLoader.cpp
         Shape.cpp
         Generating Code...
     1>c:\users\tbalz_000\git\civ-clone\dependencies\c\sfml\sfml-2.3.1\src\sfml\graphics\rendertarget.cpp(56): warning C4715: '`anonymous namespace'::factorToGlConstant' : not all control paths return a value
     1>c:\users\tbalz_000\git\civ-clone\dependencies\c\sfml\sfml-2.3.1\src\sfml\graphics\rendertarget.cpp(67): warning C4715: '`anonymous namespace'::equationToGlConstant' : not all control paths return a value
         Compiling...
         CircleShape.cpp
         RectangleShape.cpp
         ConvexShape.cpp
         Sprite.cpp
         Text.cpp
         VertexArray.cpp
         RenderTextureImpl.cpp
         RenderTextureImplFBO.cpp
         RenderTextureImplDefault.cpp
         Generating Code...
       Link:
         C:\Program Files (x86)\Microsoft Visual Studio 12.0\VC\bin\link.exe /ERRORREPORT:PROMPT /OUT:"C:\Users\tbalz_000\git\Civ-Clone\Dependencies\c\sfml\SFML-2.3.1\lib\Debug\sfml-graphics-d-2.dll" /INCREMENTAL /NOLOGO kernel32.lib user32.lib gdi32.lib winspool.lib shell32.lib ole32.lib oleaut32.lib uuid.lib comdlg32.lib advapi32.lib "..\..\..\lib\Debug\sfml-window-d.lib" "..\..\..\lib\Debug\sfml-system-d.lib" opengl32.lib "..\..\..\extlibs\libs-msvc\x86\freetype.lib" "..\..\..\extlibs\libs-msvc\x86\jpeg.lib" winmm.lib gdi32.lib opengl32.lib /MANIFEST /MANIFESTUAC:"level='asInvoker' uiAccess='false'" /manifest:embed /DEBUG /PDB:"C:/Users/tbalz_000/git/Civ-Clone/Dependencies/c/sfml/SFML-2.3.1/lib/Debug/sfml-graphics-d.pdb" /SUBSYSTEM:CONSOLE /TLBID:1 /DYNAMICBASE /NXCOMPAT /IMPLIB:"C:/Users/tbalz_000/git/Civ-Clone/Dependencies/c/sfml/SFML-2.3.1/lib/Debug/sfml-graphics-d.lib" /MACHINE:X86 /SAFESEH  /machine:X86 /debug /DLL "sfml-graphics.dir\Debug\BlendMode.obj"
         "sfml-graphics.dir\Debug\Color.obj"
         "sfml-graphics.dir\Debug\Font.obj"
         "sfml-graphics.dir\Debug\GLCheck.obj"
         "sfml-graphics.dir\Debug\GLExtensions.obj"
         "sfml-graphics.dir\Debug\Image.obj"
         "sfml-graphics.dir\Debug\ImageLoader.obj"
         "sfml-graphics.dir\Debug\RenderStates.obj"
         "sfml-graphics.dir\Debug\RenderTexture.obj"
         "sfml-graphics.dir\Debug\RenderTarget.obj"
         "sfml-graphics.dir\Debug\RenderWindow.obj"
         "sfml-graphics.dir\Debug\Shader.obj"
         "sfml-graphics.dir\Debug\Texture.obj"
         "sfml-graphics.dir\Debug\TextureSaver.obj"
         "sfml-graphics.dir\Debug\Transform.obj"
         "sfml-graphics.dir\Debug\Transformable.obj"
         "sfml-graphics.dir\Debug\View.obj"
         "sfml-graphics.dir\Debug\Vertex.obj"
         "sfml-graphics.dir\Debug\GLLoader.obj"
         "sfml-graphics.dir\Debug\Shape.obj"
         "sfml-graphics.dir\Debug\CircleShape.obj"
         "sfml-graphics.dir\Debug\RectangleShape.obj"
         "sfml-graphics.dir\Debug\ConvexShape.obj"
         "sfml-graphics.dir\Debug\Sprite.obj"
         "sfml-graphics.dir\Debug\Text.obj"
         "sfml-graphics.dir\Debug\VertexArray.obj"
         "sfml-graphics.dir\Debug\RenderTextureImpl.obj"
         "sfml-graphics.dir\Debug\RenderTextureImplFBO.obj"
         "sfml-graphics.dir\Debug\RenderTextureImplDefault.obj"
            Creating library C:/Users/tbalz_000/git/Civ-Clone/Dependencies/c/sfml/SFML-2.3.1/lib/Debug/sfml-graphics-d.lib and object C:/Users/tbalz_000/git/Civ-Clone/Dependencies/c/sfml/SFML-2.3.1/lib/Debug/sfml-graphics-d.exp
         sfml-graphics.vcxproj -> C:\Users\tbalz_000\git\Civ-Clone\Dependencies\c\sfml\SFML-2.3.1\lib\Debug\sfml-graphics-d-2.dll
     1>Done Building Project "C:\Users\tbalz_000\git\Civ-Clone\Dependencies\c\sfml\SFML-2.3.1\src\SFML\Graphics\sfml-graphics.vcxproj" (Rebuild target(s)).

Build succeeded.

Time Elapsed 00:00:24.19
